C:\Users\V330\source\repos\BookingTicketsSystem\bookingSystem\MyApp\dist\out-tsc\app\Models\user.js
C:\Users\V330\source\repos\BookingTicketsSystem\bookingSystem\MyApp\dist\out-tsc\app\Models\user.js.map
C:\Users\V330\source\repos\BookingTicketsSystem\bookingSystem\MyApp\dist\out-tsc\app\enums\responseCode.js
C:\Users\V330\source\repos\BookingTicketsSystem\bookingSystem\MyApp\dist\out-tsc\app\enums\responseCode.js.map
C:\Users\V330\source\repos\BookingTicketsSystem\bookingSystem\MyApp\dist\out-tsc\app\Models\responseModel.js
C:\Users\V330\source\repos\BookingTicketsSystem\bookingSystem\MyApp\dist\out-tsc\app\Models\responseModel.js.map
C:\Users\V330\source\repos\BookingTicketsSystem\bookingSystem\MyApp\dist\out-tsc\app\Helper\constants.js
C:\Users\V330\source\repos\BookingTicketsSystem\bookingSystem\MyApp\dist\out-tsc\app\Helper\constants.js.map
C:\Users\V330\source\repos\BookingTicketsSystem\bookingSystem\MyApp\dist\out-tsc\app\Models\role.js
C:\Users\V330\source\repos\BookingTicketsSystem\bookingSystem\MyApp\dist\out-tsc\app\Models\role.js.map
C:\Users\V330\source\repos\BookingTicketsSystem\bookingSystem\MyApp\dist\out-tsc\app\services\user.service.js
C:\Users\V330\source\repos\BookingTicketsSystem\bookingSystem\MyApp\dist\out-tsc\app\services\user.service.js.map
C:\Users\V330\source\repos\BookingTicketsSystem\bookingSystem\MyApp\dist\out-tsc\app\all-user-management\all-user-management.component.js
C:\Users\V330\source\repos\BookingTicketsSystem\bookingSystem\MyApp\dist\out-tsc\app\all-user-management\all-user-management.component.js.map
C:\Users\V330\source\repos\BookingTicketsSystem\bookingSystem\MyApp\dist\out-tsc\app\model\post.js
C:\Users\V330\source\repos\BookingTicketsSystem\bookingSystem\MyApp\dist\out-tsc\app\model\post.js.map
C:\Users\V330\source\repos\BookingTicketsSystem\bookingSystem\MyApp\dist\out-tsc\app\shared\data.service.js
C:\Users\V330\source\repos\BookingTicketsSystem\bookingSystem\MyApp\dist\out-tsc\app\shared\data.service.js.map
C:\Users\V330\source\repos\BookingTicketsSystem\bookingSystem\MyApp\dist\out-tsc\app\Components\dashboard\dashboard.component.js
C:\Users\V330\source\repos\BookingTicketsSystem\bookingSystem\MyApp\dist\out-tsc\app\Components\dashboard\dashboard.component.js.map
C:\Users\V330\source\repos\BookingTicketsSystem\bookingSystem\MyApp\dist\out-tsc\app\guards\auth.service.js
C:\Users\V330\source\repos\BookingTicketsSystem\bookingSystem\MyApp\dist\out-tsc\app\guards\auth.service.js.map
C:\Users\V330\source\repos\BookingTicketsSystem\bookingSystem\MyApp\dist\out-tsc\app\login\login.component.js
C:\Users\V330\source\repos\BookingTicketsSystem\bookingSystem\MyApp\dist\out-tsc\app\login\login.component.js.map
C:\Users\V330\source\repos\BookingTicketsSystem\bookingSystem\MyApp\dist\out-tsc\app\model\ipropertybase.js
C:\Users\V330\source\repos\BookingTicketsSystem\bookingSystem\MyApp\dist\out-tsc\app\model\ipropertybase.js.map
C:\Users\V330\source\repos\BookingTicketsSystem\bookingSystem\MyApp\dist\out-tsc\app\property\property-card\property-card.component.js
C:\Users\V330\source\repos\BookingTicketsSystem\bookingSystem\MyApp\dist\out-tsc\app\property\property-card\property-card.component.js.map
C:\Users\V330\source\repos\BookingTicketsSystem\bookingSystem\MyApp\dist\out-tsc\app\register\register.component.js
C:\Users\V330\source\repos\BookingTicketsSystem\bookingSystem\MyApp\dist\out-tsc\app\register\register.component.js.map
C:\Users\V330\source\repos\BookingTicketsSystem\bookingSystem\MyApp\dist\out-tsc\app\user-management\user-management.component.js
C:\Users\V330\source\repos\BookingTicketsSystem\bookingSystem\MyApp\dist\out-tsc\app\user-management\user-management.component.js.map
C:\Users\V330\source\repos\BookingTicketsSystem\bookingSystem\MyApp\dist\out-tsc\app\model\property.js
C:\Users\V330\source\repos\BookingTicketsSystem\bookingSystem\MyApp\dist\out-tsc\app\model\property.js.map
C:\Users\V330\source\repos\BookingTicketsSystem\bookingSystem\MyApp\dist\out-tsc\app\services\housing.service.js
C:\Users\V330\source\repos\BookingTicketsSystem\bookingSystem\MyApp\dist\out-tsc\app\services\housing.service.js.map
C:\Users\V330\source\repos\BookingTicketsSystem\bookingSystem\MyApp\dist\out-tsc\app\property\property-list\property-list.component.js
C:\Users\V330\source\repos\BookingTicketsSystem\bookingSystem\MyApp\dist\out-tsc\app\property\property-list\property-list.component.js.map
C:\Users\V330\source\repos\BookingTicketsSystem\bookingSystem\MyApp\dist\out-tsc\app\app-routing.module.js
C:\Users\V330\source\repos\BookingTicketsSystem\bookingSystem\MyApp\dist\out-tsc\app\app-routing.module.js.map
C:\Users\V330\source\repos\BookingTicketsSystem\bookingSystem\MyApp\dist\out-tsc\app\app.component.js
C:\Users\V330\source\repos\BookingTicketsSystem\bookingSystem\MyApp\dist\out-tsc\app\app.component.js.map
C:\Users\V330\source\repos\BookingTicketsSystem\bookingSystem\MyApp\dist\out-tsc\app\services\alertify.service.js
C:\Users\V330\source\repos\BookingTicketsSystem\bookingSystem\MyApp\dist\out-tsc\app\services\alertify.service.js.map
C:\Users\V330\source\repos\BookingTicketsSystem\bookingSystem\MyApp\dist\out-tsc\app\property\add-property\add-property.component.js
C:\Users\V330\source\repos\BookingTicketsSystem\bookingSystem\MyApp\dist\out-tsc\app\property\add-property\add-property.component.js.map
C:\Users\V330\source\repos\BookingTicketsSystem\bookingSystem\MyApp\dist\out-tsc\app\property\property-detail\property-detail.component.js
C:\Users\V330\source\repos\BookingTicketsSystem\bookingSystem\MyApp\dist\out-tsc\app\property\property-detail\property-detail.component.js.map
C:\Users\V330\source\repos\BookingTicketsSystem\bookingSystem\MyApp\dist\out-tsc\app\property\property-detail\property-details-resolver.service.js
C:\Users\V330\source\repos\BookingTicketsSystem\bookingSystem\MyApp\dist\out-tsc\app\property\property-detail\property-details-resolver.service.js.map
C:\Users\V330\source\repos\BookingTicketsSystem\bookingSystem\MyApp\dist\out-tsc\app\Pipes\filter.pipe.js
C:\Users\V330\source\repos\BookingTicketsSystem\bookingSystem\MyApp\dist\out-tsc\app\Pipes\filter.pipe.js.map
C:\Users\V330\source\repos\BookingTicketsSystem\bookingSystem\MyApp\dist\out-tsc\app\Pipes\sort.pipe.js
C:\Users\V330\source\repos\BookingTicketsSystem\bookingSystem\MyApp\dist\out-tsc\app\Pipes\sort.pipe.js.map
C:\Users\V330\source\repos\BookingTicketsSystem\bookingSystem\MyApp\dist\out-tsc\app\app.module.js
C:\Users\V330\source\repos\BookingTicketsSystem\bookingSystem\MyApp\dist\out-tsc\app\app.module.js.map
C:\Users\V330\source\repos\BookingTicketsSystem\bookingSystem\MyApp\dist\out-tsc\environments\environment.js
C:\Users\V330\source\repos\BookingTicketsSystem\bookingSystem\MyApp\dist\out-tsc\environments\environment.js.map
C:\Users\V330\source\repos\BookingTicketsSystem\bookingSystem\MyApp\dist\out-tsc\main.js
C:\Users\V330\source\repos\BookingTicketsSystem\bookingSystem\MyApp\dist\out-tsc\main.js.map
C:\Users\V330\source\repos\BookingTicketsSystem\bookingSystem\MyApp\dist\out-tsc\polyfills.js
C:\Users\V330\source\repos\BookingTicketsSystem\bookingSystem\MyApp\dist\out-tsc\polyfills.js.map
C:\Users\V330\source\repos\BookingTicketsSystem\bookingSystem\MyApp\dist\out-tsc\test.js
C:\Users\V330\source\repos\BookingTicketsSystem\bookingSystem\MyApp\dist\out-tsc\test.js.map
C:\Users\V330\source\repos\BookingTicketsSystem\bookingSystem\MyApp\dist\out-tsc\app\app.component.spec.js
C:\Users\V330\source\repos\BookingTicketsSystem\bookingSystem\MyApp\dist\out-tsc\app\app.component.spec.js.map
C:\Users\V330\source\repos\BookingTicketsSystem\bookingSystem\MyApp\dist\out-tsc\app\Components\dashboard\dashboard.component.spec.js
C:\Users\V330\source\repos\BookingTicketsSystem\bookingSystem\MyApp\dist\out-tsc\app\Components\dashboard\dashboard.component.spec.js.map
C:\Users\V330\source\repos\BookingTicketsSystem\bookingSystem\MyApp\dist\out-tsc\app\all-user-management\all-user-management.component.spec.js
C:\Users\V330\source\repos\BookingTicketsSystem\bookingSystem\MyApp\dist\out-tsc\app\all-user-management\all-user-management.component.spec.js.map
C:\Users\V330\source\repos\BookingTicketsSystem\bookingSystem\MyApp\dist\out-tsc\app\guards\auth.service.spec.js
C:\Users\V330\source\repos\BookingTicketsSystem\bookingSystem\MyApp\dist\out-tsc\app\guards\auth.service.spec.js.map
C:\Users\V330\source\repos\BookingTicketsSystem\bookingSystem\MyApp\dist\out-tsc\app\login\login.component.spec.js
C:\Users\V330\source\repos\BookingTicketsSystem\bookingSystem\MyApp\dist\out-tsc\app\login\login.component.spec.js.map
C:\Users\V330\source\repos\BookingTicketsSystem\bookingSystem\MyApp\dist\out-tsc\app\model\iproperty.js
C:\Users\V330\source\repos\BookingTicketsSystem\bookingSystem\MyApp\dist\out-tsc\app\model\iproperty.js.map
C:\Users\V330\source\repos\BookingTicketsSystem\bookingSystem\MyApp\dist\out-tsc\app\property\add-property\add-property.component.spec.js
C:\Users\V330\source\repos\BookingTicketsSystem\bookingSystem\MyApp\dist\out-tsc\app\property\add-property\add-property.component.spec.js.map
C:\Users\V330\source\repos\BookingTicketsSystem\bookingSystem\MyApp\dist\out-tsc\app\property\property-detail\property-detail.component.spec.js
C:\Users\V330\source\repos\BookingTicketsSystem\bookingSystem\MyApp\dist\out-tsc\app\property\property-detail\property-detail.component.spec.js.map
C:\Users\V330\source\repos\BookingTicketsSystem\bookingSystem\MyApp\dist\out-tsc\app\register\register.component.spec.js
C:\Users\V330\source\repos\BookingTicketsSystem\bookingSystem\MyApp\dist\out-tsc\app\register\register.component.spec.js.map
C:\Users\V330\source\repos\BookingTicketsSystem\bookingSystem\MyApp\dist\out-tsc\app\services\housing.service.spec.js
C:\Users\V330\source\repos\BookingTicketsSystem\bookingSystem\MyApp\dist\out-tsc\app\services\housing.service.spec.js.map
C:\Users\V330\source\repos\BookingTicketsSystem\bookingSystem\MyApp\dist\out-tsc\app\services\user.service.spec.js
C:\Users\V330\source\repos\BookingTicketsSystem\bookingSystem\MyApp\dist\out-tsc\app\services\user.service.spec.js.map
C:\Users\V330\source\repos\BookingTicketsSystem\bookingSystem\MyApp\dist\out-tsc\app\shared\data.service.spec.js
C:\Users\V330\source\repos\BookingTicketsSystem\bookingSystem\MyApp\dist\out-tsc\app\shared\data.service.spec.js.map
C:\Users\V330\source\repos\BookingTicketsSystem\bookingSystem\MyApp\dist\out-tsc\app\user-management\user-management.component.spec.js
C:\Users\V330\source\repos\BookingTicketsSystem\bookingSystem\MyApp\dist\out-tsc\app\user-management\user-management.component.spec.js.map
C:\Users\V330\source\repos\BookingTicketsSystem\bookingSystem\MyApp\dist\out-tsc\environments\environment.prod.js
C:\Users\V330\source\repos\BookingTicketsSystem\bookingSystem\MyApp\dist\out-tsc\environments\environment.prod.js.map
